{"total": {"lines":{"total":474,"covered":295,"skipped":0,"pct":62.23},"statements":{"total":537,"covered":332,"skipped":0,"pct":61.82},"functions":{"total":130,"covered":75,"skipped":0,"pct":57.69},"branches":{"total":231,"covered":96,"skipped":0,"pct":41.55},"branchesTrue":{"total":0,"covered":0,"skipped":0,"pct":"Unknown"}}
,"/Users/zimmed/Projects/prefab/src/LinkedList.ts": {"lines":{"total":130,"covered":130,"skipped":0,"pct":100},"functions":{"total":36,"covered":36,"skipped":0,"pct":100},"statements":{"total":154,"covered":154,"skipped":0,"pct":100},"branches":{"total":56,"covered":56,"skipped":0,"pct":100}}
,"/Users/zimmed/Projects/prefab/src/LinkedSet.ts": {"lines":{"total":33,"covered":33,"skipped":0,"pct":100},"functions":{"total":15,"covered":15,"skipped":0,"pct":100},"statements":{"total":34,"covered":34,"skipped":0,"pct":100},"branches":{"total":11,"covered":11,"skipped":0,"pct":100}}
,"/Users/zimmed/Projects/prefab/src/ObjectPool.ts": {"lines":{"total":71,"covered":10,"skipped":0,"pct":14.08},"functions":{"total":17,"covered":0,"skipped":0,"pct":0},"statements":{"total":77,"covered":10,"skipped":0,"pct":12.98},"branches":{"total":51,"covered":0,"skipped":0,"pct":0}}
,"/Users/zimmed/Projects/prefab/src/PriorityQueue.ts": {"lines":{"total":34,"covered":8,"skipped":0,"pct":23.52},"functions":{"total":12,"covered":0,"skipped":0,"pct":0},"statements":{"total":38,"covered":8,"skipped":0,"pct":21.05},"branches":{"total":13,"covered":0,"skipped":0,"pct":0}}
,"/Users/zimmed/Projects/prefab/src/Queue.ts": {"lines":{"total":15,"covered":9,"skipped":0,"pct":60},"functions":{"total":6,"covered":1,"skipped":0,"pct":16.66},"statements":{"total":15,"covered":9,"skipped":0,"pct":60},"branches":{"total":5,"covered":2,"skipped":0,"pct":40}}
,"/Users/zimmed/Projects/prefab/src/SizedLinkedList.ts": {"lines":{"total":55,"covered":55,"skipped":0,"pct":100},"functions":{"total":12,"covered":12,"skipped":0,"pct":100},"statements":{"total":56,"covered":56,"skipped":0,"pct":100},"branches":{"total":8,"covered":8,"skipped":0,"pct":100}}
,"/Users/zimmed/Projects/prefab/src/SortedSet.ts": {"lines":{"total":89,"covered":9,"skipped":0,"pct":10.11},"functions":{"total":11,"covered":0,"skipped":0,"pct":0},"statements":{"total":105,"covered":9,"skipped":0,"pct":8.57},"branches":{"total":61,"covered":0,"skipped":0,"pct":0}}
,"/Users/zimmed/Projects/prefab/src/UniQueue.ts": {"lines":{"total":15,"covered":9,"skipped":0,"pct":60},"functions":{"total":6,"covered":1,"skipped":0,"pct":16.66},"statements":{"total":15,"covered":9,"skipped":0,"pct":60},"branches":{"total":5,"covered":2,"skipped":0,"pct":40}}
,"/Users/zimmed/Projects/prefab/src/decorators.ts": {"lines":{"total":23,"covered":23,"skipped":0,"pct":100},"functions":{"total":7,"covered":7,"skipped":0,"pct":100},"statements":{"total":26,"covered":26,"skipped":0,"pct":100},"branches":{"total":21,"covered":17,"skipped":0,"pct":80.95}}
,"/Users/zimmed/Projects/prefab/src/index.ts": {"lines":{"total":9,"covered":9,"skipped":0,"pct":100},"functions":{"total":8,"covered":3,"skipped":0,"pct":37.5},"statements":{"total":17,"covered":17,"skipped":0,"pct":100},"branches":{"total":0,"covered":0,"skipped":0,"pct":100}}
}
