{"total": {"lines":{"total":411,"covered":411,"skipped":0,"pct":100},"statements":{"total":463,"covered":463,"skipped":0,"pct":100},"functions":{"total":116,"covered":116,"skipped":0,"pct":100},"branches":{"total":159,"covered":159,"skipped":0,"pct":100},"branchesTrue":{"total":0,"covered":0,"skipped":0,"pct":"Unknown"}}
,"/Users/zimmed/Projects/prefab/src/LinkedCollection.ts": {"lines":{"total":74,"covered":74,"skipped":0,"pct":100},"functions":{"total":24,"covered":24,"skipped":0,"pct":100},"statements":{"total":79,"covered":79,"skipped":0,"pct":100},"branches":{"total":27,"covered":27,"skipped":0,"pct":100}}
,"/Users/zimmed/Projects/prefab/src/LinkedList.ts": {"lines":{"total":129,"covered":129,"skipped":0,"pct":100},"functions":{"total":34,"covered":34,"skipped":0,"pct":100},"statements":{"total":154,"covered":154,"skipped":0,"pct":100},"branches":{"total":57,"covered":57,"skipped":0,"pct":100}}
,"/Users/zimmed/Projects/prefab/src/LinkedSet.ts": {"lines":{"total":35,"covered":35,"skipped":0,"pct":100},"functions":{"total":13,"covered":13,"skipped":0,"pct":100},"statements":{"total":38,"covered":38,"skipped":0,"pct":100},"branches":{"total":9,"covered":9,"skipped":0,"pct":100}}
,"/Users/zimmed/Projects/prefab/src/ObjectPool.ts": {"lines":{"total":89,"covered":89,"skipped":0,"pct":100},"functions":{"total":20,"covered":20,"skipped":0,"pct":100},"statements":{"total":97,"covered":97,"skipped":0,"pct":100},"branches":{"total":38,"covered":38,"skipped":0,"pct":100}}
,"/Users/zimmed/Projects/prefab/src/SizedLinkedList.ts": {"lines":{"total":55,"covered":55,"skipped":0,"pct":100},"functions":{"total":12,"covered":12,"skipped":0,"pct":100},"statements":{"total":56,"covered":56,"skipped":0,"pct":100},"branches":{"total":8,"covered":8,"skipped":0,"pct":100}}
,"/Users/zimmed/Projects/prefab/src/decorators.ts": {"lines":{"total":23,"covered":23,"skipped":0,"pct":100},"functions":{"total":7,"covered":7,"skipped":0,"pct":100},"statements":{"total":27,"covered":27,"skipped":0,"pct":100},"branches":{"total":20,"covered":20,"skipped":0,"pct":100}}
,"/Users/zimmed/Projects/prefab/src/index.ts": {"lines":{"total":6,"covered":6,"skipped":0,"pct":100},"functions":{"total":6,"covered":6,"skipped":0,"pct":100},"statements":{"total":12,"covered":12,"skipped":0,"pct":100},"branches":{"total":0,"covered":0,"skipped":0,"pct":100}}
}
